Forward Mesh       = circle2000_86_spec
Frequency          = 100.000000 MHz
Initial Regularization  = 1
Filter             = 0
Wavelengths Used   = 661 735 761 785 808 826 849 

********************************
Output files:
spectral_spatial_example_HbO.sol
spectral_spatial_example_deoxyHb.sol
spectral_spatial_example_Water.sol
spectral_spatial_example_S-Amplitude.sol
spectral_spatial_example_S-Power.sol
Initial Guess HbO         = 1.000000e-02
Initial Guess deoxyHb     = 1.000000e-02
Initial Guess Water       = 4.000000e-01
Initial Guess S-Amplitude = 1
Initial Guess S-Power     = 1
---------------------------------
Iteration Number          = 1
Projection error          = 103.856982
Regularization        = 0.061084      0.3665    0.057522        3.58     0.29167
---------------------------------
Iteration Number          = 2
Projection error          = 5.766059
Projection error change   = 94.448078 %
Regularization        = 0.06525     0.36928    0.062043      3.6058     0.27552
---------------------------------
Iteration Number          = 3
Projection error          = 2.808053
Projection error change   = 51.300301 %
Regularization        = 0.070272     0.36408    0.066253      3.5622     0.27592
---------------------------------
Iteration Number          = 4
Projection error          = 2.520040
Projection error change   = 10.256681 %
Regularization        = 0.076322     0.36384    0.070182      3.5608     0.27747
---------------------------------
Iteration Number          = 5
Projection error          = 2.432551
Projection error change   = 3.471742 %
Regularization        = 0.079307     0.36585    0.072669      3.5564     0.27926
---------------------------------
Iteration Number          = 6
Projection error          = 2.392324
Projection error change   = 1.653687 %
---------------------------------
STOPPING CRITERIA REACHED
Computation Time = 36.786732
Final Solution:
5