Forward Mesh       = circle2000_86_spec
Frequency          = 100.000000 MHz
Initial Regularization  = 1
Filter             = 0
Wavelengths Used   = 661 735 761 785 808 826 849 

********************************
Output files:
spectral_example_HbO.sol
spectral_example_deoxyHb.sol
spectral_example_Water.sol
spectral_example_S-Amplitude.sol
spectral_example_S-Power.sol
Initial Guess HbO         = 1.000000e-02
Initial Guess deoxyHb     = 1.000000e-02
Initial Guess Water       = 4.000000e-01
Initial Guess S-Amplitude = 1
Initial Guess S-Power     = 1
---------------------------------
Iteration Number          = 1
Projection error          = 103.856982
Regularization        = 3.580017
---------------------------------
Iteration Number          = 2
Projection error          = 16.021917
Projection error change   = 84.573096 %
Regularization        = 2.019346
---------------------------------
Iteration Number          = 3
Projection error          = 7.533567
Projection error change   = 52.979615 %
Regularization        = 1.141421
---------------------------------
Iteration Number          = 4
Projection error          = 4.554402
Projection error change   = 39.545213 %
Regularization        = 0.641553
---------------------------------
Iteration Number          = 5
Projection error          = 3.450411
Projection error change   = 24.240085 %
Regularization        = 0.359443
---------------------------------
Iteration Number          = 6
Projection error          = 2.960394
Projection error change   = 14.201703 %
Regularization        = 0.202760
---------------------------------
Iteration Number          = 7
Projection error          = 2.710351
Projection error change   = 8.446275 %
Regularization        = 0.114877
---------------------------------
Iteration Number          = 8
Projection error          = 2.596456
Projection error change   = 4.202219 %
Regularization        = 0.064634
---------------------------------
Iteration Number          = 9
Projection error          = 2.580521
Projection error change   = 0.613724 %
---------------------------------
STOPPING CRITERIA REACHED
Computation Time = 26.017780
Final Solution:
8